<?xml version="1.0" encoding="UTF-8"?>
<!-- Generated by org.testng.reporters.JUnitReportReporter -->
<testsuite hostname="Rajesh" failures="0" tests="1" name="bddframework.Runner" time="9.223" errors="0" timestamp="2022-04-22T06:12:51 IST" skipped="0">
  <testcase classname="bddframework.Runner" name="runScenario" time="9.223"/>
  <system-out/>
</testsuite> <!-- bddframework.Runner -->
