<?xml version="1.0" encoding="UTF-8"?>
<!-- Generated by org.testng.reporters.JUnitReportReporter -->
<testsuite hostname="Rajesh" failures="0" tests="4" name="pommodel.Runner" time="13.553" errors="0" timestamp="2022-04-14T06:55:09 IST" skipped="0">
  <testcase classname="pommodel.Runner" name="openurl" time="7.006"/>
  <system-out/>
  <testcase classname="pommodel.Runner" name="enterusernameandpassword" time="2.363"/>
  <system-out/>
  <testcase classname="pommodel.Runner" name="mybookings" time="2.863"/>
  <system-out/>
  <testcase classname="pommodel.Runner" name="logout" time="1.321"/>
  <system-out/>
</testsuite> <!-- pommodel.Runner -->
