<?xml version="1.0" encoding="UTF-8"?>
<!-- Generated by org.testng.reporters.JUnitReportReporter -->
<testsuite hostname="Rajesh" failures="0" tests="4" name="phptravels.Login" time="10.442" errors="0" timestamp="2022-04-14T06:20:42 IST" skipped="0">
  <testcase classname="phptravels.Login" name="openurl" time="2.711"/>
  <system-out/>
  <testcase classname="phptravels.Login" name="enterusernameandpassword" time="2.441"/>
  <system-out/>
  <testcase classname="phptravels.Login" name="mybookings" time="3.719"/>
  <system-out/>
  <testcase classname="phptravels.Login" name="logout" time="1.571"/>
  <system-out/>
</testsuite> <!-- phptravels.Login -->
